c:\users\zx521\onedrive\桌面\ob實習\pvz\pvz\release\game.pch
c:\users\zx521\onedrive\桌面\ob實習\pvz\pvz\release\vc141.pdb
c:\users\zx521\onedrive\桌面\ob實習\pvz\pvz\release\stdafx.obj
c:\users\zx521\onedrive\桌面\ob實習\pvz\pvz\release\zombies.obj
c:\users\zx521\onedrive\桌面\ob實習\pvz\pvz\release\sun.obj
c:\users\zx521\onedrive\桌面\ob實習\pvz\pvz\release\mygame.obj
c:\users\zx521\onedrive\桌面\ob實習\pvz\pvz\release\gamelib.obj
c:\users\zx521\onedrive\桌面\ob實習\pvz\pvz\release\shovel.obj
c:\users\zx521\onedrive\桌面\ob實習\pvz\pvz\release\seed.obj
c:\users\zx521\onedrive\桌面\ob實習\pvz\pvz\release\plants.obj
c:\users\zx521\onedrive\桌面\ob實習\pvz\pvz\release\pea.obj
c:\users\zx521\onedrive\桌面\ob實習\pvz\pvz\release\maps.obj
c:\users\zx521\onedrive\桌面\ob實習\pvz\pvz\release\mainfrm.obj
c:\users\zx521\onedrive\桌面\ob實習\pvz\pvz\release\lawncleaner.obj
c:\users\zx521\onedrive\桌面\ob實習\pvz\pvz\release\gameview.obj
c:\users\zx521\onedrive\桌面\ob實習\pvz\pvz\release\gamedoc.obj
c:\users\zx521\onedrive\桌面\ob實習\pvz\pvz\release\game.obj
c:\users\zx521\onedrive\桌面\ob實習\pvz\pvz\release\mouse.obj
c:\users\zx521\onedrive\桌面\ob實習\pvz\pvz\release\card.obj
c:\users\zx521\onedrive\桌面\ob實習\pvz\pvz\release\audio.obj
c:\users\zx521\onedrive\桌面\ob實習\pvz\pvz\release\game.exe
c:\users\zx521\onedrive\桌面\ob實習\pvz\pvz\release\game.pdb
c:\users\zx521\onedrive\桌面\ob實習\pvz\pvz\release\game.res
c:\users\zx521\onedrive\桌面\ob實習\pvz\pvz\.\release\game.exe
c:\users\zx521\onedrive\桌面\ob實習\pvz\pvz\release\game.tlog\cl.command.1.tlog
c:\users\zx521\onedrive\桌面\ob實習\pvz\pvz\release\game.tlog\cl.read.1.tlog
c:\users\zx521\onedrive\桌面\ob實習\pvz\pvz\release\game.tlog\cl.write.1.tlog
c:\users\zx521\onedrive\桌面\ob實習\pvz\pvz\release\game.tlog\link.command.1.tlog
c:\users\zx521\onedrive\桌面\ob實習\pvz\pvz\release\game.tlog\link.read.1.tlog
c:\users\zx521\onedrive\桌面\ob實習\pvz\pvz\release\game.tlog\link.write.1.tlog
c:\users\zx521\onedrive\桌面\ob實習\pvz\pvz\release\game.tlog\rc.command.1.tlog
c:\users\zx521\onedrive\桌面\ob實習\pvz\pvz\release\game.tlog\rc.read.1.tlog
c:\users\zx521\onedrive\桌面\ob實習\pvz\pvz\release\game.tlog\rc.write.1.tlog
